Aug 09 12:49:08:471 [Thread-4, pagerduty_gtw] SEND TRIGGER:
{
	"service_key":"11c9dd0291504509b02bd7225b9f99f6"
	, "client":"pagerduty_gtw/0.12", 	 "udata":{
	 	"nimts":1439146068
	 	, "visible":1
	 	, "dev_id":"D52248754FCF4FDAE7378AB198CD0EDA0"
	 	, "event_type":1
	 	, "subsys":"3.6526.3"
	 	, "prid":"http_gateway"
	 	, "hub":"MORSECODE"
	 	, "level":3
	 	, "met_id":"M0097209ccf5d59ff9c61778d897bd4ab"
	 	, "supp_key":"new1"
	 	, "nimid":"SO32143944-04511"
	 	, "domain":"UIM"
	 	, "suppcount":0
	 	, "user_tag2":"webserver"
	 	, "user_tag1":"support.morsecode-inc.com"
	 	, "sid":"3.6526.3"
	 	, "tz_offset":14400
	 	, "origin":"CLOUD"
	 	, "hostname":"support.morsecode-inc.com"
	 	, "severity":"minor"
	 	, "robot":"outpost"
	 	, "message":"test"
	 	, "source":"outpost"
	 	, "arrival":1439146084
	 	, "nas":"MORSECODE"
	 	, "rowid":1
	 }
	, "description":"test"
	, "incident_key":"new1"
}
Aug 09 12:49:08:481 [Thread-4, pagerduty_gtw] HTTPClient	POST https://morsecode-incorporated.pagerduty.com/11c9dd0291504509b02bd7225b9f99f6/events/enqueue HTTP/1.1
Aug 09 12:49:08:481 [Thread-4, pagerduty_gtw] HTTPClient	Content-Type: application/json
Aug 09 12:49:08:481 [Thread-4, pagerduty_gtw] HTTPClient	Authorization: Token token=Guqga2xvoTgyqqPBsSc2
Aug 09 12:49:08:481 [Thread-4, pagerduty_gtw] 
	{
		"service_key":"11c9dd0291504509b02bd7225b9f99f6"
		, "client":"pagerduty_gtw/0.12", 	 "udata":{
		 	"nimts":1439146068
		 	, "visible":1
		 	, "dev_id":"D52248754FCF4FDAE7378AB198CD0EDA0"
		 	, "event_type":1
		 	, "subsys":"3.6526.3"
		 	, "prid":"http_gateway"
		 	, "hub":"MORSECODE"
		 	, "level":3
		 	, "met_id":"M0097209ccf5d59ff9c61778d897bd4ab"
		 	, "supp_key":"new1"
		 	, "nimid":"SO32143944-04511"
		 	, "domain":"UIM"
		 	, "suppcount":0
		 	, "user_tag2":"webserver"
		 	, "user_tag1":"support.morsecode-inc.com"
		 	, "sid":"3.6526.3"
		 	, "tz_offset":14400
		 	, "origin":"CLOUD"
		 	, "hostname":"support.morsecode-inc.com"
		 	, "severity":"minor"
		 	, "robot":"outpost"
		 	, "message":"test"
		 	, "source":"outpost"
		 	, "arrival":1439146084
		 	, "nas":"MORSECODE"
		 	, "rowid":1
		 }
		, "description":"test"
		, "incident_key":"new1"
	}
Aug 09 12:49:08:821 [Thread-4, pagerduty_gtw] RESPONSE: 
{
	 "error":{
	 	"message":"Not Found"
	 	, "code":2100
	 }
}
Aug 09 12:49:16:175 [nimclient, pagerduty_gtw] [alarm_update:SO32143944-04542] from _hub(nas)
Aug 09 12:49:17:896 [Thread-4, pagerduty_gtw] UPDATE [alarm:SO32143944-04542] MINOR outpost(support.morsecode-inc.com): message
Aug 09 12:50:51:137 [nimclient, pagerduty_gtw] [alarm_update:SO32143944-04746] from _hub(nas)
Aug 09 12:50:54:018 [Thread-4, pagerduty_gtw] UPDATE [alarm:SO32143944-04746] CRITICAL 104.167.97.87(morsecode-inc.com): Missing 269 Heartbeats from 104.167.97.87; last transmission was 2d 19h 18m seconds ago
Aug 09 12:51:50:938 [main, pagerduty_gtw] Log Level = 4
Aug 09 12:51:50:948 [main, pagerduty_gtw] Loading...
Aug 09 12:51:50:968 [main, pagerduty_gtw] ****************[ Starting ]****************
Aug 09 12:51:50:968 [main, pagerduty_gtw] 0.12
Aug 09 12:51:50:968 [main, pagerduty_gtw] MorseCode Incorporated
Aug 09 12:51:50:978 [main, pagerduty_gtw] port=48005
Aug 09 12:51:51:008 [main, pagerduty_gtw] Only restricted security available, no login
Aug 09 12:51:54:030 [Thread-0, pagerduty_gtw] Reading License: Demo|2|2016-03-01 00:00
Aug 09 12:51:54:040 [Thread-0, pagerduty_gtw] License valid until: 2016-03-01 00:00
Aug 09 12:51:54:180 [Thread-0, pagerduty_gtw] Context Path: /pd
Aug 09 12:51:54:180 [Thread-0, pagerduty_gtw] Webapp Path: srvr/pagerduty
Aug 09 12:51:54:180 [Thread-0, pagerduty_gtw] Listen Port: 3082
Aug 09 12:51:54:300 [Thread-0, pagerduty_gtw] Loading admin (inc.morsecode.pagerduty.endpoints.ProbeAdmin) /admin/*
Aug 09 12:51:54:300 [Thread-0, pagerduty_gtw] Loading services (inc.morsecode.pagerduty.endpoints.Services) /services/*
Aug 09 12:51:54:300 [Thread-0, pagerduty_gtw] Loading root (inc.morsecode.core.Gateway) /*
Aug 09 12:51:54:300 [Thread-0, pagerduty_gtw] Starting HTTP Server
Aug 09 12:51:56:930 [Thread-0, pagerduty_gtw] HTTPClient	GET https://morsecode-incorporated.pagerduty.com/api/v1/services?limit=1&offset=0 HTTP/1.1
Aug 09 12:51:56:930 [Thread-0, pagerduty_gtw] HTTPClient	Authorization: Token token=Guqga2xvoTgyqqPBsSc2
Aug 09 12:51:57:541 [Thread-3, pagerduty_gtw] Subscription to queue /UIM/MORSECODE/_hub:pagerduty established.
Aug 09 12:51:57:801 [Thread-0, pagerduty_gtw] >> ]
Aug 09 12:51:57:801 [Thread-0, pagerduty_gtw] >> ]
Aug 09 12:51:57:861 [Thread-0, pagerduty_gtw] HTTPClient	GET https://morsecode-incorporated.pagerduty.com/api/v1/services?limit=3&offset=0 HTTP/1.1
Aug 09 12:51:57:861 [Thread-0, pagerduty_gtw] HTTPClient	Authorization: Token token=Guqga2xvoTgyqqPBsSc2
Aug 09 12:51:58:081 [Thread-0, pagerduty_gtw] >> ]
Aug 09 12:51:58:081 [Thread-0, pagerduty_gtw] >> ]
Aug 09 12:51:58:081 [Thread-0, pagerduty_gtw] >> ]
Aug 09 12:51:58:081 [Thread-0, pagerduty_gtw] >> ]
Aug 09 12:52:07:286 [nimclient, pagerduty_gtw] [alarm_close:SO32143944-04902] from _hub(nas)
Aug 09 12:52:09:117 [Thread-4, pagerduty_gtw] CLOSE [alarm:SO32143944-04902] <message>
	pri = 1
	qsize = 1
	nimts = 1439146270
	source = 162.248.167.44
	tz_offset = 14400
	subject = alarm_close
	hop0 = MORSECODE
	domain = UIM
	nimid = SO32143944-04902
	origin = MORSECODE
	robot = _hub
	prid = nas
	hop = 0
	<udata>
	</udata>
</message>

Aug 09 12:52:12:668 [nimclient, pagerduty_gtw] [alarm_update:SO32143944-04930] from _hub(nas)
Aug 09 12:52:15:189 [Thread-4, pagerduty_gtw] UPDATE [alarm:SO32143944-04930] WARNING outpost(support.morsecode-inc.com): message
Aug 09 12:52:35:753 [nimclient, pagerduty_gtw] [alarm_close:SO32143944-04972] from _hub(nas)
Aug 09 12:52:36:274 [Thread-4, pagerduty_gtw] CLOSE [alarm:SO32143944-04972] <message>
	pri = 1
	qsize = 1
	nimts = 1439146298
	source = 162.248.167.44
	tz_offset = 14400
	subject = alarm_close
	hop0 = MORSECODE
	domain = UIM
	nimid = SO32143944-04972
	origin = MORSECODE
	robot = _hub
	prid = nas
	hop = 0
	<udata>
	</udata>
</message>

Aug 09 12:52:46:887 [nimclient, pagerduty_gtw] [alarm_new:SO32143944-05007] from _hub(nas)
Aug 09 12:52:48:348 [Thread-4, pagerduty_gtw] ALARM [alarm:SO32143944-05007] MINOR outpost(support.morsecode-inc.com): message
Aug 09 12:52:48:388 [Thread-4, pagerduty_gtw] SEND TRIGGER:
{
	"service_key":"11c9dd0291504509b02bd7225b9f99f6"
	, "client":"pagerduty_gtw/0.12", 	 "details":{
	 	"nimts":1439146288
	 	, "visible":1
	 	, "dev_id":"D52248754FCF4FDAE7378AB198CD0EDA0"
	 	, "event_type":1
	 	, "subsys":"3.6526.3"
	 	, "prid":"http_gateway"
	 	, "hub":"MORSECODE"
	 	, "level":3
	 	, "supp_key":"pagerduty"
	 	, "met_id":"M0097209ccf5d59ff9c61778d897bd4ab"
	 	, "domain":"UIM"
	 	, "nimid":"SO32143944-05004"
	 	, "suppcount":0
	 	, "user_tag2":"webserver"
	 	, "user_tag1":"support.morsecode-inc.com"
	 	, "sid":"3.6526.3"
	 	, "tz_offset":14400
	 	, "origin":"CLOUD"
	 	, "hostname":"support.morsecode-inc.com"
	 	, "severity":"minor"
	 	, "robot":"outpost"
	 	, "message":"message"
	 	, "source":"outpost"
	 	, "arrival":1439146304
	 	, "nas":"MORSECODE"
	 	, "rowid":1
	 }
	, "description":"message"
	, "incident_key":"pagerduty"
}
Aug 09 12:52:48:388 [Thread-4, pagerduty_gtw] HTTPClient	POST https://morsecode-incorporated.pagerduty.com/11c9dd0291504509b02bd7225b9f99f6/events/enqueue HTTP/1.1
Aug 09 12:52:48:388 [Thread-4, pagerduty_gtw] HTTPClient	Content-Type: application/json
Aug 09 12:52:48:388 [Thread-4, pagerduty_gtw] HTTPClient	Authorization: Token token=Guqga2xvoTgyqqPBsSc2
Aug 09 12:52:48:398 [Thread-4, pagerduty_gtw] 
	{
		"service_key":"11c9dd0291504509b02bd7225b9f99f6"
		, "client":"pagerduty_gtw/0.12", 	 "details":{
		 	"nimts":1439146288
		 	, "visible":1
		 	, "dev_id":"D52248754FCF4FDAE7378AB198CD0EDA0"
		 	, "event_type":1
		 	, "subsys":"3.6526.3"
		 	, "prid":"http_gateway"
		 	, "hub":"MORSECODE"
		 	, "level":3
		 	, "supp_key":"pagerduty"
		 	, "met_id":"M0097209ccf5d59ff9c61778d897bd4ab"
		 	, "domain":"UIM"
		 	, "nimid":"SO32143944-05004"
		 	, "suppcount":0
		 	, "user_tag2":"webserver"
		 	, "user_tag1":"support.morsecode-inc.com"
		 	, "sid":"3.6526.3"
		 	, "tz_offset":14400
		 	, "origin":"CLOUD"
		 	, "hostname":"support.morsecode-inc.com"
		 	, "severity":"minor"
		 	, "robot":"outpost"
		 	, "message":"message"
		 	, "source":"outpost"
		 	, "arrival":1439146304
		 	, "nas":"MORSECODE"
		 	, "rowid":1
		 }
		, "description":"message"
		, "incident_key":"pagerduty"
	}
Aug 09 12:52:48:758 [Thread-4, pagerduty_gtw] RESPONSE: 
{
	 "error":{
	 	"message":"Not Found"
	 	, "code":2100
	 }
}
Aug 09 12:55:22:709 [Thread-72, pagerduty_gtw] Subscription to queue /UIM/MORSECODE/_hub:pagerduty established.
Aug 09 12:55:43:493 [nimclient, pagerduty_gtw] [alarm_update:SO32143944-05400] from _hub(nas)
Aug 09 12:55:45:954 [Thread-4, pagerduty_gtw] UPDATE [alarm:SO32143944-05400] CRITICAL 104.167.97.87(morsecode-inc.com): Missing 269 Heartbeats from 104.167.97.87; last transmission was 2d 19h 23m seconds ago
